<?xml version="1.0" encoding="UTF-8"?>
<!-- Generated by org.testng.reporters.JUnitReportReporter -->
<testsuite hostname="Ripna_John" failures="0" tests="2" name="LoginTest.LoginuserTest" time="45.335" errors="0" timestamp="22 Jun 2024 16:48:11 GMT" skipped="0">
  <testcase classname="LoginTest.LoginuserTest" name="logintest" time="6.674"/>
  <testcase classname="LoginTest.LoginuserTest" name="Homeuser" time="38.661"/>
</testsuite> <!-- LoginTest.LoginuserTest -->
